============================= test session starts ==============================
platform darwin -- Python 3.10.9, pytest-9.0.2, pluggy-1.6.0 -- /Users/tj/Desktop/CommonGround/mvp/backend/venv/bin/python
cachedir: .pytest_cache
rootdir: /Users/tj/Desktop/CommonGround
plugins: anyio-4.12.0, asyncio-1.3.0, langsmith-0.5.1, cov-7.0.0
asyncio: mode=strict, debug=False, asyncio_default_fixture_loop_scope=None, asyncio_default_test_loop_scope=function
collecting ... collected 12 items

mvp/backend/tests/system_verification/test_health_checks.py::TestDatabaseHealth::test_database_connection PASSED [  8%]
mvp/backend/tests/system_verification/test_health_checks.py::TestDatabaseHealth::test_database_tables_exist PASSED [ 16%]
mvp/backend/tests/system_verification/test_health_checks.py::TestRedisHealth::test_redis_connection PASSED [ 25%]
mvp/backend/tests/system_verification/test_health_checks.py::TestRedisHealth::test_redis_performance PASSED [ 33%]
mvp/backend/tests/system_verification/test_health_checks.py::TestExternalAPIs::test_supabase_connectivity PASSED [ 41%]
mvp/backend/tests/system_verification/test_health_checks.py::TestExternalAPIs::test_anthropic_api_connectivity PASSED [ 50%]
mvp/backend/tests/system_verification/test_health_checks.py::TestExternalAPIs::test_openai_api_connectivity PASSED [ 58%]
mvp/backend/tests/system_verification/test_health_checks.py::TestApplicationHealth::test_application_startup FAILED [ 66%]
mvp/backend/tests/system_verification/test_health_checks.py::TestApplicationHealth::test_health_endpoint PASSED [ 75%]
mvp/backend/tests/system_verification/test_health_checks.py::TestApplicationHealth::test_openapi_docs_accessible PASSED [ 83%]
mvp/backend/tests/system_verification/test_health_checks.py::TestPerformance::test_database_query_performance PASSED [ 91%]
mvp/backend/tests/system_verification/test_health_checks.py::TestPerformance::test_concurrent_requests PASSED [100%]

=================================== FAILURES ===================================
________________ TestApplicationHealth.test_application_startup ________________

self = <test_health_checks.TestApplicationHealth object at 0x7fb410989930>
test_client = None

    @pytest.mark.asyncio
    async def test_application_startup(self, test_client):
        """
        Test that FastAPI application starts successfully.
    
        This verifies all dependencies are loaded and routes are registered.
        """
        # TODO: Implement when test_client is available
        # response = await test_client.get("/")
        # assert response.status_code in [200, 404]  # Either homepage or not found is ok
    
        # Placeholder assertion
>       assert test_client is not None, "Test client should be available"
E       AssertionError: Test client should be available
E       assert None is not None

mvp/backend/tests/system_verification/test_health_checks.py:218: AssertionError
=========================== short test summary info ============================
FAILED mvp/backend/tests/system_verification/test_health_checks.py::TestApplicationHealth::test_application_startup
========================= 1 failed, 11 passed in 1.19s =========================
